<?xml version="1.0"?>
<testsuites>
  <testsuite name="Chrome 45.0.2454 (Windows 7)" package="" timestamp="2015-09-15T14:12:09" id="0" hostname="PCBCN1206">
    <properties>
      <property name="browser.fullName" value="Mozilla/5.0 (Windows NT 6.1; WOW64) AppleWebKit/537.36 (KHTML, like Gecko) Chrome/45.0.2454.85 Safari/537.36"/>
    </properties>
  </testsuite>
  <testsuite name="Chrome 45.0.2454 (Windows 7)" package="" timestamp="2015-09-15T14:12:09" id="0" hostname="PCBCN1206" tests="17" errors="1" failures="0" time="0">
    <properties>
      <property name="browser.fullName" value="Mozilla/5.0 (Windows NT 6.1; WOW64) AppleWebKit/537.36 (KHTML, like Gecko) Chrome/45.0.2454.85 Safari/537.36"/>
    </properties>
    <system-out><![CDATA[
]]></system-out>
    <system-err/>
  </testsuite>
</testsuites>
